2024-06-23 19:34:58.479 INFO [main] [com.sound.step_defnitions.Common_Step_Defnition.beforeScenario(Common_Step_Defnition.java:22)] - Execution Started
2024-06-23 19:34:58.487 INFO [main] [com.sound.step_defnitions.Common_Step_Defnition.beforeScenario(Common_Step_Defnition.java:24)] - Instantiating CommonUtils
2024-06-23 19:34:58.488 INFO [main] [com.sound.step_defnitions.Common_Step_Defnition.beforeScenario(Common_Step_Defnition.java:26)] - Loading the Properties File
2024-06-23 19:34:58.490 INFO [main] [com.sound.step_defnitions.Common_Step_Defnition.beforeScenario(Common_Step_Defnition.java:28)] - Checking the driver is null or not
2024-06-23 19:34:58.491 INFO [main] [com.sound.step_defnitions.Common_Step_Defnition.beforeScenario(Common_Step_Defnition.java:31)] - Driver is null.Instantiating it!
2024-06-23 19:35:01.063 INFO [main] [com.sound.webdriver_manager.DriverManager.launchbrowser(DriverManager.java:25)] - Launching chrome
2024-06-23 19:35:07.967 INFO [main] [com.sound.step_defnitions.Verify_Appointment_Booking_Step_Def.the_user_clicks_on_the_make_appointment_button(Verify_Appointment_Booking_Step_Def.java:31)] - the user clicks on the make appointment option
2024-06-23 19:35:08.751 INFO [main] [com.sound.step_defnitions.Verify_Appointment_Booking_Step_Def.the_user_login_using_the_username_and_password(Verify_Appointment_Booking_Step_Def.java:42)] - the user is logged in successfully
2024-06-23 19:35:08.937 INFO [main] [com.sound.step_defnitions.Verify_Appointment_Booking_Step_Def.the_user_selects_the_facility_as_from_the_dropdown(Verify_Appointment_Booking_Step_Def.java:50)] - the user selects the facility as Seoul CURA Healthcare Center from the dropdown
2024-06-23 19:35:08.994 INFO [main] [com.sound.step_defnitions.Verify_Appointment_Booking_Step_Def.the_user_checks_the_checkbox_of_readmission(Verify_Appointment_Booking_Step_Def.java:57)] - the user checks the checkbox of readmission
2024-06-23 19:35:09.045 INFO [main] [com.sound.step_defnitions.Verify_Appointment_Booking_Step_Def.the_user_selects_radiobutton_of_medicaid_healthcare_program(Verify_Appointment_Booking_Step_Def.java:63)] - the user selects radiobutton of Medicaid Healthcare program
2024-06-23 19:35:09.212 INFO [main] [com.sound.step_defnitions.Verify_Appointment_Booking_Step_Def.the_user_selects_the_tenth_date_of_next_month(Verify_Appointment_Booking_Step_Def.java:71)] - the user selects the Tenth date of next month
2024-06-23 19:35:09.293 INFO [main] [com.sound.step_defnitions.Verify_Appointment_Booking_Step_Def.the_user_adds_necesssary_comments_as(Verify_Appointment_Booking_Step_Def.java:77)] - the user adds necesssary comments as For knee pain
2024-06-23 19:35:09.643 INFO [main] [com.sound.step_defnitions.Verify_Appointment_Booking_Step_Def.the_user_clicks_on_book_appointment_button(Verify_Appointment_Booking_Step_Def.java:83)] - the user clicks on book appointment button
2024-06-23 19:35:09.696 INFO [main] [com.sound.step_defnitions.Verify_Appointment_Booking_Step_Def.the_user_should_see_the_title_as(Verify_Appointment_Booking_Step_Def.java:91)] - Expected Title is displayed
2024-06-23 19:35:09.736 INFO [main] [com.sound.step_defnitions.Verify_Appointment_Booking_Step_Def.the_user_should_see_the_facility_as(Verify_Appointment_Booking_Step_Def.java:99)] - Expected Facility is displayed
2024-06-23 19:35:09.767 INFO [main] [com.sound.step_defnitions.Verify_Appointment_Booking_Step_Def.the_user_should_see_the_readmission_status_as(Verify_Appointment_Booking_Step_Def.java:107)] - Expected Readmission status is displayed
2024-06-23 19:35:09.805 INFO [main] [com.sound.step_defnitions.Verify_Appointment_Booking_Step_Def.the_user_should_see_the_program_as(Verify_Appointment_Booking_Step_Def.java:116)] - Expected Program is displayed
2024-06-23 19:35:09.839 INFO [main] [com.sound.step_defnitions.Verify_Appointment_Booking_Step_Def.the_user_should_see_the_date_as(Verify_Appointment_Booking_Step_Def.java:125)] - Expected Date is displayed
2024-06-23 19:35:09.875 INFO [main] [com.sound.step_defnitions.Verify_Appointment_Booking_Step_Def.the_user_should_see_the_comment_as(Verify_Appointment_Booking_Step_Def.java:134)] - Expected comment is displayed
